
[sanctumstation] Updating app metadata...
Setting main module... started
Setting main module... done


[sanctumstation] Building Android APK...
Building... started
> Task :app:preBuild UP-TO-DATE
> Task :app:preDebugBuild UP-TO-DATE
> Task :app:mergeDebugNativeDebugMetadata NO-SOURCE
> Task :app:extractDebugPythonBuildPackages

> Task :app:installDebugPythonRequirements
Chaquopy: Installing for arm64-v8a
Looking in indexes: https://pypi.org/simple, https://chaquo.com/pypi-13.1
Collecting toga-android~=0.5.0 (from -r requirements.txt (line 2))
  Using cached toga_android-0.5.3-py3-none-any.whl.metadata (3.2 kB)
Collecting pyyaml (from -r requirements.txt (line 3))
  Using cached https://chaquo.com/pypi-13.1/pyyaml/pyyaml-6.0.3-0-cp312-cp312-android_24_arm64_v8a.whl (146 kB)
Collecting fuzzywuzzy (from -r requirements.txt (line 4))
  Using cached fuzzywuzzy-0.18.0-py2.py3-none-any.whl.metadata (4.9 kB)
Collecting requests (from -r requirements.txt (line 5))
  Using cached requests-2.32.5-py3-none-any.whl.metadata (4.9 kB)
Collecting toga-core==0.5.3 (from toga-android~=0.5.0->-r requirements.txt (line 2))
  Using cached toga_core-0.5.3-py3-none-any.whl.metadata (4.0 kB)
Collecting travertino==0.5.3 (from toga-core==0.5.3->toga-android~=0.5.0->-r requirements.txt (line 2))
  Using cached travertino-0.5.3-py3-none-any.whl.metadata (2.9 kB)
Collecting chaquopy-libyaml>=0.2.5 (from pyyaml->-r requirements.txt (line 3))
  Using cached https://chaquo.com/pypi-13.1/chaquopy-libyaml/chaquopy_libyaml-0.2.5-0-py3-none-android_24_arm64_v8a.whl (58 kB)
Collecting charset_normalizer<4,>=2 (from requests->-r requirements.txt (line 5))
  Using cached charset_normalizer-3.4.4-py3-none-any.whl.metadata (37 kB)
Collecting idna<4,>=2.5 (from requests->-r requirements.txt (line 5))
  Using cached idna-3.11-py3-none-any.whl.metadata (8.4 kB)
Collecting urllib3<3,>=1.21.1 (from requests->-r requirements.txt (line 5))
  Using cached urllib3-2.6.3-py3-none-any.whl.metadata (6.9 kB)
Collecting certifi>=2017.4.17 (from requests->-r requirements.txt (line 5))
  Using cached certifi-2026.1.4-py3-none-any.whl.metadata (2.5 kB)
Using cached toga_android-0.5.3-py3-none-any.whl (70 kB)
Using cached toga_core-0.5.3-py3-none-any.whl (147 kB)
Using cached travertino-0.5.3-py3-none-any.whl (26 kB)
Using cached fuzzywuzzy-0.18.0-py2.py3-none-any.whl (18 kB)
Using cached requests-2.32.5-py3-none-any.whl (64 kB)
Using cached charset_normalizer-3.4.4-py3-none-any.whl (53 kB)
Using cached idna-3.11-py3-none-any.whl (71 kB)
Using cached urllib3-2.6.3-py3-none-any.whl (131 kB)
Using cached certifi-2026.1.4-py3-none-any.whl (152 kB)
Installing collected packages: fuzzywuzzy, chaquopy-libyaml, urllib3, travertino, pyyaml, idna, charset_normalizer, certifi, toga-core, requests, toga-android

Successfully installed certifi-2026.1.4 chaquopy-libyaml-0.2.5 charset_normalizer-3.4.4 fuzzywuzzy-0.18.0 idna-3.11 pyyaml-6.0.3 requests-2.32.5 toga-android-0.5.3 toga-core-0.5.3 travertino-0.5.3 urllib3-2.6.3

Chaquopy: Installing for x86_64
Looking in indexes: https://pypi.org/simple, https://chaquo.com/pypi-13.1
Collecting chaquopy-libyaml==0.2.5
  Using cached https://chaquo.com/pypi-13.1/chaquopy-libyaml/chaquopy_libyaml-0.2.5-0-py3-none-android_24_x86_64.whl (59 kB)
Collecting pyyaml==6.0.3
  Using cached https://chaquo.com/pypi-13.1/pyyaml/pyyaml-6.0.3-0-cp312-cp312-android_24_x86_64.whl (155 kB)
Installing collected packages: chaquopy-libyaml, pyyaml

Successfully installed chaquopy-libyaml-0.2.5 pyyaml-6.0.3

> Task :app:mergeDebugPythonSources
> Task :app:generateDebugPythonProxies
> Task :app:javaPreCompileDebug
> Task :app:generateDebugResValues
> Task :app:checkDebugAarMetadata
> Task :app:mapDebugSourceSetPaths
> Task :app:generateDebugResources
> Task :app:packageDebugResources
> Task :app:createDebugCompatibleScreenManifests
> Task :app:extractDeepLinksDebug
> Task :app:parseDebugLocalResources
> Task :app:processDebugMainManifest
> Task :app:processDebugManifest
> Task :app:mergeDebugShaders
> Task :app:compileDebugShaders NO-SOURCE
> Task :app:generateDebugAssets UP-TO-DATE
> Task :app:mergeDebugResources
> Task :app:generateDebugPythonMiscAssets
> Task :app:generateDebugPythonRequirementsAssets
> Task :app:generateDebugPythonSourceAssets
> Task :app:generateDebugPythonBuildAssets
> Task :app:mergeDebugAssets
> Task :app:processDebugJavaRes NO-SOURCE
> Task :app:checkDebugDuplicateClasses
> Task :app:compressDebugAssets
> Task :app:mergeDebugJavaResource
> Task :app:generateDebugPythonJniLibs
> Task :app:mergeLibDexDebug
> Task :app:mergeDebugJniLibFolders
> Task :app:validateSigningDebug
> Task :app:writeDebugAppMetadata
> Task :app:mergeDebugNativeLibs
> Task :app:writeDebugSigningConfigVersions
> Task :app:processDebugManifestForPackage

> Task :app:stripDebugDebugSymbols
Unable to strip the following libraries, packaging them as they are: libchaquopy_java.so, libcrypto_chaquopy.so, libcrypto_python.so, libpython3.12.so, libsqlite3_chaquopy.so, libsqlite3_python.so, libssl_chaquopy.so, libssl_python.so. Run with --info option to learn more.

> Task :app:processDebugResources
> Task :app:desugarDebugFileDependencies
> Task :app:compileDebugJavaWithJavac
> Task :app:dexBuilderDebug
> Task :app:mergeProjectDexDebug
> Task :app:mergeExtDexDebug
> Task :app:packageDebug
> Task :app:createDebugApkListingFileRedirect
> Task :app:assembleDebug

[Incubating] Problems report is available at: file:///home/michael/Desktop/Projects/SanctumStation/android/sanctumstation/build/sanctumstation/android/gradle/build/reports/problems/problems-report.html

Deprecated Gradle features were used in this build, making it incompatible with Gradle 9.0.

You can use '--warning-mode all' to show the individual deprecation warnings and determine if they come from your own scripts or plugins.

For more on this, please refer to https://docs.gradle.org/8.13/userguide/command_line_interface.html#sec:command_line_warnings in the Gradle documentation.

BUILD SUCCESSFUL in 12s
42 actionable tasks: 42 executed
Building... done


[sanctumstation] Built build/sanctumstation/android/gradle/app/build/outputs/apk/debug/app-debug.apk
